[1/497] No install step for 'immer'
[2/497] Completed 'immer'
[3/497] Automatic MOC and UIC for target mm_global
[4/496] Building CXX object src/CMakeFiles/mm_global.dir/gen/global/Badge.h.gen.cpp.o
[5/496] Building CXX object src/CMakeFiles/mm_global.dir/gen/global/Array.h.gen.cpp.o
[6/496] Building CXX object src/CMakeFiles/mm_global.dir/gen/global/AsyncTasks.h.gen.cpp.o
[7/496] Building CXX object src/CMakeFiles/mm_global.dir/gen/global/CaseUtils.h.gen.cpp.o
[8/496] Building CXX object src/CMakeFiles/mm_global.dir/gen/global/AnsiTextUtils.h.gen.cpp.o
[9/496] Building CXX object src/CMakeFiles/mm_global.dir/gen/global/AnsiOstream.h.gen.cpp.o
[10/496] Building CXX object src/CMakeFiles/mm_global.dir/gen/global/ChangeMonitor.h.gen.cpp.o
[11/496] Building CXX object src/CMakeFiles/mm_global.dir/gen/global/CharUtils.h.gen.cpp.o
[12/496] Building CXX object src/CMakeFiles/mm_global.dir/gen/global/ConfigConsts.h.gen.cpp.o
[13/496] Building CXX object src/CMakeFiles/mm_global.dir/gen/global/Color.h.gen.cpp.o
[14/496] Building CXX object src/CMakeFiles/mm_global.dir/gen/global/ConfigConsts-Computed.h.gen.cpp.o
[15/496] Building CXX object src/CMakeFiles/mm_global.dir/gen/global/ConfigEnums.h.gen.cpp.o
[16/496] Building CXX object src/CMakeFiles/mm_global.dir/gen/global/Charset.h.gen.cpp.o
[17/496] Building CXX object src/CMakeFiles/mm_global.dir/gen/global/ConversionResult.h.gen.cpp.o
[18/496] Building CXX object src/CMakeFiles/mm_global.dir/gen/global/Connections.h.gen.cpp.o
[19/496] Building CXX object src/CMakeFiles/mm_global.dir/gen/global/Consts.h.gen.cpp.o
[20/496] Building CXX object src/CMakeFiles/mm_global.dir/gen/global/Diff.h.gen.cpp.o
[21/496] Building CXX object src/CMakeFiles/mm_global.dir/gen/global/HideQDebug.h.gen.cpp.o
[22/496] Building CXX object src/CMakeFiles/mm_global.dir/gen/global/FixedPoint.h.gen.cpp.o
[23/496] Building CXX object src/CMakeFiles/mm_global.dir/gen/global/EnumIndexedArray.h.gen.cpp.o
[24/496] Building CXX object src/CMakeFiles/mm_global.dir/gen/global/ImmIndexedVector.h.gen.cpp.o
[25/496] Building CXX object src/CMakeFiles/mm_global.dir/gen/global/Flags.h.gen.cpp.o
[26/496] Building CXX object src/CMakeFiles/mm_global.dir/gen/global/IndexedVector.h.gen.cpp.o
[27/496] Building CXX object src/CMakeFiles/mm_global.dir/gen/global/ImmOrderedSet.h.gen.cpp.o
[28/496] Building CXX object src/CMakeFiles/mm_global.dir/gen/global/ImmUnorderedSet.h.gen.cpp.o
[29/496] Building CXX object src/CMakeFiles/mm_global.dir/gen/global/ImmUnorderedMap.h.gen.cpp.o
[30/496] Building CXX object src/CMakeFiles/mm_global.dir/gen/global/ImmIndexedVectorWithDefault.h.gen.cpp.o
[31/496] Building CXX object src/CMakeFiles/mm_global.dir/gen/global/JsonDoc.h.gen.cpp.o
[32/496] Building CXX object src/CMakeFiles/mm_global.dir/gen/global/JsonValue.h.gen.cpp.o
[33/496] Building CXX object src/CMakeFiles/mm_global.dir/gen/global/JsonArray.h.gen.cpp.o
[34/496] Building CXX object src/CMakeFiles/mm_global.dir/gen/global/IndexedVectorWithDefault.h.gen.cpp.o
[35/496] Building CXX object src/CMakeFiles/mm_global.dir/gen/global/JsonObj.h.gen.cpp.o
[36/496] Building CXX object src/CMakeFiles/mm_global.dir/gen/global/LineUtils.h.gen.cpp.o
[37/496] Building CXX object src/CMakeFiles/mm_global.dir/gen/global/NullPointerException.h.gen.cpp.o
[38/496] Building CXX object src/CMakeFiles/mm_global.dir/gen/global/MakeQPointer.h.gen.cpp.o
[39/496] Building CXX object src/CMakeFiles/mm_global.dir/gen/global/OrderedMap.h.gen.cpp.o
[40/496] Building CXX object src/CMakeFiles/mm_global.dir/gen/global/MmQtHandle.h.gen.cpp.o
[41/496] Building CXX object src/CMakeFiles/mm_global.dir/gen/global/NamedColors.h.gen.cpp.o
[42/496] Building CXX object src/CMakeFiles/mm_global.dir/gen/global/OrderedSet.h.gen.cpp.o
[43/496] Building CXX object src/CMakeFiles/mm_global.dir/gen/global/RuleOf5.h.gen.cpp.o
[44/496] Building CXX object src/CMakeFiles/mm_global.dir/gen/global/RAII.h.gen.cpp.o
[45/496] Building CXX object src/CMakeFiles/mm_global.dir/gen/global/PrintUtils.h.gen.cpp.o
[46/496] Building CXX object src/CMakeFiles/mm_global.dir/gen/global/QuotedQString.h.gen.cpp.o
[47/496] Building CXX object src/CMakeFiles/mm_global.dir/gen/global/StorageUtils.h.gen.cpp.o
[48/496] Building CXX object src/CMakeFiles/mm_global.dir/gen/global/SendToUser.h.gen.cpp.o
[49/496] Building CXX object src/CMakeFiles/mm_global.dir/gen/global/Signal2.h.gen.cpp.o
[50/496] Building CXX object src/CMakeFiles/mm_global.dir/gen/global/SignalBlocker.h.gen.cpp.o
[51/496] Building CXX object src/CMakeFiles/mm_global.dir/gen/global/StringView.h.gen.cpp.o
[52/496] Building CXX object src/CMakeFiles/mm_global.dir/gen/global/TabUtils.h.gen.cpp.o
[53/496] Building CXX object src/CMakeFiles/mm_global.dir/gen/global/TaggedInt.h.gen.cpp.o
[54/496] Building CXX object src/CMakeFiles/mm_global.dir/gen/global/Timer.h.gen.cpp.o
[55/496] Building CXX object src/CMakeFiles/mm_global.dir/gen/global/TextBuffer.h.gen.cpp.o
[56/496] Building CXX object src/CMakeFiles/mm_global.dir/gen/global/TaggedString.h.gen.cpp.o
[57/496] Building CXX object src/CMakeFiles/mm_global.dir/gen/global/Version.h.gen.cpp.o
[58/496] Building CXX object src/CMakeFiles/mm_global.dir/gen/global/WinSock.h.gen.cpp.o
[59/496] Building CXX object src/CMakeFiles/mm_global.dir/gen/global/TextUtils.h.gen.cpp.o
[60/496] Building CXX object src/CMakeFiles/mm_global.dir/gen/global/WeakHandle.h.gen.cpp.o
[61/496] Building CXX object src/CMakeFiles/mm_global.dir/gen/global/emojis.h.gen.cpp.o
[62/496] Building CXX object src/CMakeFiles/mm_global.dir/gen/global/hash.h.gen.cpp.o
[63/496] Building CXX object src/CMakeFiles/mm_global.dir/gen/global/bits.h.gen.cpp.o
[64/496] Building CXX object src/CMakeFiles/mm_global.dir/gen/global/cast_error.h.gen.cpp.o
[65/496] Building CXX object src/CMakeFiles/mm_global.dir/gen/global/entities.h.gen.cpp.o
[66/496] Building CXX object src/CMakeFiles/mm_global.dir/gen/global/enums.h.gen.cpp.o
[67/496] Building CXX object src/CMakeFiles/mm_global.dir/gen/global/int_cast.h.gen.cpp.o
[68/496] Building CXX object src/CMakeFiles/mm_global.dir/gen/global/float_cast.h.gen.cpp.o
[69/496] Building CXX object src/CMakeFiles/mm_global.dir/gen/global/mm_source_location.h.gen.cpp.o
[70/496] Building CXX object src/CMakeFiles/mm_global.dir/gen/global/macros.h.gen.cpp.o
[71/496] Building CXX object src/CMakeFiles/mm_global.dir/gen/global/parserutils.h.gen.cpp.o
[72/496] Building CXX object src/CMakeFiles/mm_global.dir/gen/global/logging.h.gen.cpp.o
[73/496] Building CXX object src/CMakeFiles/mm_global.dir/gen/global/io.h.gen.cpp.o
[74/496] Building CXX object src/CMakeFiles/mm_global.dir/gen/global/random.h.gen.cpp.o
[75/496] Building CXX object src/CMakeFiles/mm_global.dir/gen/global/range.h.gen.cpp.o
[76/496] Building CXX object src/CMakeFiles/mm_global.dir/gen/global/tests.h.gen.cpp.o
[77/496] Building CXX object src/CMakeFiles/mm_global.dir/gen/global/progresscounter.h.gen.cpp.o
[78/496] Building CXX object src/CMakeFiles/mm_global.dir/gen/global/string_view_utils.h.gen.cpp.o
[79/496] Building CXX object src/CMakeFiles/mm_global.dir/gen/global/unquote.h.gen.cpp.o
[80/496] Building CXX object src/CMakeFiles/mm_global.dir/gen/global/thread_utils.h.gen.cpp.o
[81/496] Building CXX object src/CMakeFiles/mm_global.dir/gen/global/window_utils.h.gen.cpp.o
[82/496] Building CXX object src/CMakeFiles/mm_global.dir/gen/global/utils.h.gen.cpp.o
[83/496] Building CXX object src/CMakeFiles/mm_global.dir/gen/global/zpipe.h.gen.cpp.o
[84/496] Linking CXX static library src/libmm_global.a
[85/496] Automatic MOC and UIC for target mm_map
[86/495] Building CXX object src/CMakeFiles/mm_map.dir/gen/map/AbstractChangeVisitor.h.gen.cpp.o
[87/495] Building CXX object src/CMakeFiles/mm_map.dir/gen/map/Change.h.gen.cpp.o
[88/495] Building CXX object src/CMakeFiles/mm_map.dir/gen/map/ChangeList.h.gen.cpp.o
[89/495] Building CXX object src/CMakeFiles/mm_map.dir/gen/map/ChangePrinter.h.gen.cpp.o
[90/495] Building CXX object src/CMakeFiles/mm_map.dir/gen/map/ChangeTypes.h.gen.cpp.o
[91/495] Building CXX object src/CMakeFiles/mm_map.dir/gen/map/Changes.h.gen.cpp.o
[92/495] Building CXX object src/CMakeFiles/mm_map.dir/gen/map/CommandId.h.gen.cpp.o
[93/495] Linking CXX executable tests/TestProxy
[94/495] Linking CXX executable tests/TestMainWindow
[95/495] Building CXX object src/CMakeFiles/mm_map.dir/gen/map/Compare.h.gen.cpp.o
[96/495] Linking CXX executable tests/TestClock
[97/495] Building CXX object src/CMakeFiles/mm_map.dir/gen/map/ConnectedRoomFlags.h.gen.cpp.o
[98/495] Linking CXX executable tests/TestGlobal
[99/495] Building CXX object src/CMakeFiles/mm_map.dir/gen/map/ExitDirection.h.gen.cpp.o
[100/495] Building CXX object src/CMakeFiles/mm_map.dir/gen/map/Diff.h.gen.cpp.o
[101/495] Building CXX object src/CMakeFiles/mm_map.dir/gen/map/Crtp.h.gen.cpp.o
[102/495] Building CXX object src/CMakeFiles/mm_map.dir/gen/map/DoorFlags.h.gen.cpp.o
[103/495] Building CXX object src/CMakeFiles/mm_map.dir/gen/map/ExitFieldVariant.h.gen.cpp.o
[104/495] Building CXX object src/CMakeFiles/mm_map.dir/gen/map/ExitFlags.h.gen.cpp.o
[105/495] Building CXX object src/CMakeFiles/mm_map.dir/gen/map/InOutEnum.h.gen.cpp.o
[106/495] Building CXX object src/CMakeFiles/mm_map.dir/gen/map/ExitFields.h.gen.cpp.o
[107/495] Building CXX object src/CMakeFiles/mm_map.dir/gen/map/ExitsFlags.h.gen.cpp.o
[108/495] Building CXX object src/CMakeFiles/mm_map.dir/gen/map/InvalidMapOperation.h.gen.cpp.o
[109/495] Building CXX object src/CMakeFiles/mm_map.dir/gen/map/MapConsistencyError.h.gen.cpp.o
[110/495] Building CXX object src/CMakeFiles/mm_map.dir/gen/map/Map.h.gen.cpp.o
[111/495] Building CXX object src/CMakeFiles/mm_map.dir/gen/map/RawExit.h.gen.cpp.o
[112/495] Building CXX object src/CMakeFiles/mm_map.dir/gen/map/ParseTree.h.gen.cpp.o
[113/495] Building CXX object src/CMakeFiles/mm_map.dir/gen/map/PromptFlags.h.gen.cpp.o
[114/495] Building CXX object src/CMakeFiles/mm_map.dir/gen/map/RawRoom.h.gen.cpp.o
[115/495] Building CXX object src/CMakeFiles/mm_map.dir/gen/map/RawRooms.h.gen.cpp.o
[116/495] Building CXX object src/CMakeFiles/mm_map.dir/gen/map/Remapping.h.gen.cpp.o
[117/495] Building CXX object src/CMakeFiles/mm_map.dir/gen/map/RoomFieldVariant.h.gen.cpp.o
[118/495] Building CXX object src/CMakeFiles/mm_map.dir/gen/map/RoomIdSet.h.gen.cpp.o
[119/495] Building CXX object src/CMakeFiles/mm_map.dir/gen/map/RoomFields.h.gen.cpp.o
[120/495] Building CXX object src/CMakeFiles/mm_map.dir/gen/map/RoomHandle.h.gen.cpp.o
[121/495] Building CXX object src/CMakeFiles/mm_map.dir/gen/map/ServerIdMap.h.gen.cpp.o
[122/495] Building CXX object src/CMakeFiles/mm_map.dir/gen/map/SpatialDb.h.gen.cpp.o
[123/495] Building CXX object src/CMakeFiles/mm_map.dir/gen/map/RoomRevert.h.gen.cpp.o
[124/495] Building CXX object src/CMakeFiles/mm_map.dir/gen/map/TinyRoomIdSet.h.gen.cpp.o
[125/495] Building CXX object src/CMakeFiles/mm_map.dir/gen/map/enums.h.gen.cpp.o
[126/495] Building CXX object src/CMakeFiles/mm_map.dir/gen/map/World.h.gen.cpp.o
[127/495] Building CXX object src/CMakeFiles/mm_map.dir/gen/map/WorldAreaMap.h.gen.cpp.o
[128/495] Building CXX object src/CMakeFiles/mm_map.dir/gen/map/coordinate.h.gen.cpp.o
[129/495] Building CXX object src/CMakeFiles/mm_map.dir/gen/map/WorldBuilder.h.gen.cpp.o
[130/495] Building CXX object src/CMakeFiles/mm_map.dir/gen/map/exit.h.gen.cpp.o
[131/495] Building CXX object src/CMakeFiles/mm_map.dir/gen/map/mmapper2room.h.gen.cpp.o
[132/495] Building CXX object src/CMakeFiles/mm_map.dir/gen/map/infomark.h.gen.cpp.o
[133/495] Building CXX object src/CMakeFiles/mm_map.dir/gen/map/roomid.h.gen.cpp.o
[134/495] Building CXX object src/CMakeFiles/mm_map.dir/gen/map/utils.h.gen.cpp.o
[135/495] Building CXX object src/CMakeFiles/mm_map.dir/gen/map/sanitizer.h.gen.cpp.o
[136/495] Building CXX object src/CMakeFiles/mm_map.dir/gen/map/parseevent.h.gen.cpp.o
[137/495] Building CXX object src/CMakeFiles/mm_map.dir/gen/map/room.h.gen.cpp.o
[138/495] Automatic MOC and UIC for target TestRoomMob
[139/495] Building CXX object tests/CMakeFiles/TestAdventure.dir/__/src/configuration/configuration.cpp.o
[140/495] Automatic MOC and UIC for target TestTimer
[141/495] Automatic MOC and UIC for target TestRoomMobs
[142/495] Building CXX object tests/CMakeFiles/TestRoomMob.dir/TestRoomMob_autogen/mocs_compilation.cpp.o
[143/495] Linking CXX static library src/libmm_map.a
[144/495] Building CXX object tests/CMakeFiles/TestTimer.dir/TestTimer_autogen/mocs_compilation.cpp.o
[145/495] Automatic MOC and UIC for target mmapper
[146/494] Building CXX object tests/CMakeFiles/TestAdventure.dir/__/src/observer/gameobserver.cpp.o
[147/494] Building CXX object tests/CMakeFiles/TestTimer.dir/__/src/timers/CTimers.cpp.o
[148/494] Linking CXX executable tests/TestAdventure
[149/494] Generating qrc_images.cpp
[150/494] Linking CXX executable tests/TestExpandoraCommon
[151/494] Linking CXX executable tests/TestParser
[152/494] Linking CXX executable tests/TestMap
mimalloc: warning: thread 0x7fb0cda006c0: unable to directly request hinted aligned OS memory (error: 0 (0x0), size: 0x40000000 bytes, alignment: 0x2000000, hint address: 0x20002000000)
mimalloc: warning: thread 0x7fb0cda006c0: unable to allocate aligned OS memory directly, fall back to over-allocation (size: 0x40000000 bytes, address: 0x7fb08d000000, alignment: 0x2000000, commit: 1)
[153/494] Building CXX object tests/CMakeFiles/TestRoomMob.dir/roompanel/TestRoomMob.cpp.o
[154/494] Building CXX object tests/CMakeFiles/TestRoomMob.dir/__/src/roompanel/RoomMob.cpp.o
[155/494] Linking CXX executable tests/TestRoomMob
mimalloc: warning: thread 0x7f2e59e006c0: unable to directly request hinted aligned OS memory (error: 0 (0x0), size: 0x40000000 bytes, alignment: 0x2000000, hint address: 0x20002000000)
mimalloc: warning: thread 0x7f2e59e006c0: unable to allocate aligned OS memory directly, fall back to over-allocation (size: 0x40000000 bytes, address: 0x7f2e10e00000, alignment: 0x2000000, commit: 1)
[156/494] Building CXX object tests/CMakeFiles/TestTimer.dir/TestCTimers.cpp.o
[157/494] Linking CXX executable tests/TestTimer
[158/494] Automatic MOC and UIC for target TestRoomManager
[159/494] Building CXX object tests/CMakeFiles/TestRoomMobs.dir/TestRoomMobs_autogen/mocs_compilation.cpp.o
[160/494] Building CXX object tests/CMakeFiles/TestRoomMobs.dir/__/src/roompanel/RoomMobs.cpp.o
[161/494] Building CXX object tests/CMakeFiles/TestRoomMobs.dir/roompanel/TestRoomMobs.cpp.o
[162/494] Building CXX object tests/CMakeFiles/TestRoomManager.dir/TestRoomManager_autogen/mocs_compilation.cpp.o
[163/494] Building CXX object tests/CMakeFiles/TestRoomMobs.dir/__/src/roompanel/RoomMob.cpp.o
[164/494] Linking CXX executable tests/TestRoomMobs
mimalloc: warning: thread 0x7f26ae4006c0: unable to directly request hinted aligned OS memory (error: 0 (0x0), size: 0x40000000 bytes, alignment: 0x2000000, hint address: 0x20002000000)
mimalloc: warning: thread 0x7f26ae4006c0: unable to allocate aligned OS memory directly, fall back to over-allocation (size: 0x40000000 bytes, address: 0x7f2664600000, alignment: 0x2000000, commit: 1)
[165/494] Building CXX object tests/CMakeFiles/TestRoomManager.dir/__/src/roompanel/RoomMob.cpp.o
[166/494] Building CXX object tests/CMakeFiles/TestRoomManager.dir/__/src/proxy/GmcpMessage.cpp.o
[167/494] Building CXX object tests/CMakeFiles/TestRoomManager.dir/__/src/roompanel/RoomMobs.cpp.o
[168/494] Generating qrc_map.cpp
[169/494] Building CXX object tests/CMakeFiles/TestRoomManager.dir/__/src/roompanel/RoomManager.cpp.o
[170/494] Building CXX object tests/CMakeFiles/TestRoomManager.dir/roompanel/TestRoomManager.cpp.o
[171/494] Building CXX object src/CMakeFiles/mmapper.dir/display/RoadIndex.cpp.o
[172/494] Building CXX object src/CMakeFiles/mmapper.dir/display/MapBatches.cpp.o
[173/494] Building CXX object src/CMakeFiles/mmapper.dir/display/MapCanvasData.cpp.o
[174/494] Building CXX object src/CMakeFiles/mmapper.dir/display/RoomSelections.cpp.o
[175/494] Building CXX object src/CMakeFiles/mmapper.dir/display/Infomarks.cpp.o
[176/494] Building CXX object src/CMakeFiles/mmapper.dir/display/connectionselection.cpp.o
[177/494] Building CXX object src/CMakeFiles/mmapper.dir/display/Textures.cpp.o
[178/494] Building CXX object src/CMakeFiles/mmapper.dir/display/MapCanvasRoomDrawer.cpp.o
[179/494] Building CXX object src/CMakeFiles/mmapper.dir/group/ColorGenerator.cpp.o
[180/494] Building CXX object src/CMakeFiles/mmapper.dir/group/CGroupChar.cpp.o
[181/494] Building CXX object src/CMakeFiles/mmapper.dir/group/GroupManagerApi.cpp.o
[182/494] Building CXX object src/CMakeFiles/mmapper.dir/group/enums.cpp.o
[183/494] Building CXX object src/CMakeFiles/mmapper.dir/display/mapwindow.cpp.o
[184/494] Building CXX object src/CMakeFiles/mmapper.dir/group/mmapper2character.cpp.o
[185/494] Building CXX object src/CMakeFiles/mmapper.dir/display/prespammedpath.cpp.o
[186/494] Building CXX object src/CMakeFiles/mmapper.dir/display/mapcanvas.cpp.o
[187/494] Building CXX object src/CMakeFiles/mmapper.dir/display/mapcanvas_gl.cpp.o
[188/494] Building CXX object src/CMakeFiles/mmapper.dir/logger/autologger.cpp.o
[189/494] Building CXX object src/CMakeFiles/mmapper.dir/group/mmapper2group.cpp.o
[190/494] Building CXX object src/CMakeFiles/mmapper.dir/mainwindow/UpdateDialog.cpp.o
[191/494] Building CXX object src/CMakeFiles/mmapper.dir/group/groupwidget.cpp.o
[192/494] Building CXX object src/CMakeFiles/mmapper.dir/mainwindow/DescriptionWidget.cpp.o
[193/494] Building CXX object src/CMakeFiles/mmapper.dir/mainwindow/ThemeManager.cpp.o
[194/494] Building CXX object src/CMakeFiles/mmapper.dir/mainwindow/MapZoomSlider.cpp.o
[195/494] Building CXX object src/CMakeFiles/mmapper.dir/mainwindow/aboutdialog.cpp.o
[196/494] Building CXX object src/CMakeFiles/mmapper.dir/mainwindow/metatypes.cpp.o
[197/494] Building CXX object src/CMakeFiles/mmapper.dir/mainwindow/findroomsdlg.cpp.o
[198/494] Building CXX object src/CMakeFiles/mmapper.dir/mainwindow/mainwindow-saveslots.cpp.o
[199/494] Building CXX object src/CMakeFiles/mmapper.dir/mainwindow/infomarkseditdlg.cpp.o
[200/494] Building CXX object src/CMakeFiles/mmapper.dir/mapdata/MarkerList.cpp.o
[201/494] Building CXX object src/CMakeFiles/mmapper.dir/mapdata/GenericFind.cpp.o
[202/494] Building CXX object src/CMakeFiles/mmapper.dir/mainwindow/mainwindow-async.cpp.o
[203/494] Building CXX object src/CMakeFiles/mmapper.dir/mapdata/roomfilter.cpp.o
[204/494] Building CXX object src/CMakeFiles/mmapper.dir/mainwindow/utils.cpp.o
[205/494] Building CXX object src/CMakeFiles/mmapper.dir/mapfrontend/MapHistory.cpp.o
[206/494] Building CXX object src/CMakeFiles/mmapper.dir/mainwindow/mainwindow.cpp.o
[207/494] Building CXX object src/CMakeFiles/mmapper.dir/mapstorage/MapDestination.cpp.o
[208/494] Building CXX object src/CMakeFiles/mmapper.dir/mapdata/roomselection.cpp.o
[209/494] Building CXX object src/CMakeFiles/mmapper.dir/mainwindow/roomeditattrdlg.cpp.o
[210/494] Building CXX object src/CMakeFiles/mmapper.dir/mapdata/shortestpath.cpp.o
[211/494] Building CXX object src/CMakeFiles/mmapper.dir/mapdata/mapdata.cpp.o
[212/494] Building CXX object src/CMakeFiles/mmapper.dir/mapstorage/MapSource.cpp.o
[213/494] Building CXX object src/CMakeFiles/mmapper.dir/mapstorage/RawMapData.cpp.o
[214/494] Building CXX object src/CMakeFiles/mmapper.dir/mapfrontend/mapfrontend.cpp.o
[215/494] Building CXX object src/CMakeFiles/mmapper.dir/mapstorage/filesaver.cpp.o
[216/494] Building CXX object src/CMakeFiles/mmapper.dir/mapstorage/MmpMapStorage.cpp.o
[217/494] Building CXX object src/CMakeFiles/mmapper.dir/mapstorage/PandoraMapStorage.cpp.o
[218/494] Building CXX object src/CMakeFiles/mmapper.dir/mapstorage/abstractmapstorage.cpp.o
[219/494] Building CXX object src/CMakeFiles/mmapper.dir/mapstorage/XmlMapStorage.cpp.o
[220/494] Building CXX object src/CMakeFiles/mmapper.dir/mpi/mpifilter.cpp.o
[221/494] Building CXX object src/CMakeFiles/mmapper.dir/mapstorage/jsonmapstorage.cpp.o
[222/494] Building CXX object src/CMakeFiles/mmapper.dir/mpi/remoteedit.cpp.o
[223/494] Building CXX object src/CMakeFiles/mmapper.dir/mpi/remoteeditsession.cpp.o
[224/494] Building CXX object src/CMakeFiles/mmapper.dir/mpi/gotowidget.cpp.o
[225/494] Building CXX object src/CMakeFiles/mmapper.dir/mpi/findreplacewidget.cpp.o
[226/494] Building CXX object src/CMakeFiles/mmapper.dir/opengl/LineRendering.cpp.o
[227/494] Building CXX object src/CMakeFiles/mmapper.dir/opengl/OpenGLProber.cpp.o
[228/494] Building CXX object src/CMakeFiles/mmapper.dir/observer/gameobserver.cpp.o
[229/494] Building CXX object src/CMakeFiles/mmapper.dir/opengl/OpenGLConfig.cpp.o
[230/494] Building CXX object src/CMakeFiles/mmapper.dir/mapstorage/mapstorage.cpp.o
[231/494] Building CXX object src/CMakeFiles/mmapper.dir/mpi/remoteeditwidget.cpp.o
[232/494] Building CXX object src/CMakeFiles/mmapper.dir/opengl/OpenGLTypes.cpp.o
[233/494] Building CXX object src/CMakeFiles/mmapper.dir/opengl/legacy/AbstractShaderProgram.cpp.o
[234/494] Building CXX object src/CMakeFiles/mmapper.dir/opengl/legacy/Binders.cpp.o
[235/494] Building CXX object src/CMakeFiles/mmapper.dir/opengl/OpenGL.cpp.o
[236/494] Building CXX object src/CMakeFiles/mmapper.dir/opengl/legacy/FBO.cpp.o
[237/494] Building CXX object src/CMakeFiles/mmapper.dir/opengl/legacy/FunctionsGL33.cpp.o
[238/494] Building CXX object src/CMakeFiles/mmapper.dir/opengl/legacy/FunctionsES30.cpp.o
[239/494] Building CXX object src/CMakeFiles/mmapper.dir/opengl/Font.cpp.o
[240/494] Building CXX object src/CMakeFiles/mmapper.dir/opengl/legacy/FontMesh3d.cpp.o
[241/494] Building CXX object src/CMakeFiles/mmapper.dir/opengl/legacy/Meshes.cpp.o
[242/494] Building CXX object src/CMakeFiles/mmapper.dir/opengl/legacy/ShaderUtils.cpp.o
[243/494] Building CXX object src/CMakeFiles/mmapper.dir/opengl/legacy/Shaders.cpp.o
[244/494] Building CXX object src/CMakeFiles/mmapper.dir/opengl/legacy/SimpleMesh.cpp.o
[245/494] Building CXX object src/CMakeFiles/mmapper.dir/opengl/legacy/VBO.cpp.o
[246/494] Building CXX object src/CMakeFiles/mmapper.dir/opengl/legacy/Legacy.cpp.o
[247/494] Building CXX object src/CMakeFiles/mmapper.dir/opengl/legacy/VAO.cpp.o
[248/494] Building CXX object src/CMakeFiles/mmapper.dir/parser/Abbrev.cpp.o
[249/494] Building CXX object src/CMakeFiles/mmapper.dir/parser/AbstractParser-Group.cpp.o
[250/494] Building CXX object src/CMakeFiles/mmapper.dir/parser/AbstractParser-Actions.cpp.o
[251/494] Building CXX object src/CMakeFiles/mmapper.dir/parser/AbstractParser-Mark.cpp.o
[252/494] Building CXX object src/CMakeFiles/mmapper.dir/parser/AbstractParser-Utils.cpp.o
[253/494] Building CXX object src/CMakeFiles/mmapper.dir/parser/AbstractParser-Commands.cpp.o
[254/494] Building CXX object src/CMakeFiles/mmapper.dir/parser/AbstractParser-Config.cpp.o
[255/494] Building CXX object src/CMakeFiles/mmapper.dir/parser/DoorAction.cpp.o
[256/494] Building CXX object src/CMakeFiles/mmapper.dir/parser/CommandQueue.cpp.o
[257/494] Building CXX object src/CMakeFiles/mmapper.dir/parser/AbstractParser-Timer.cpp.o
[258/494] Building CXX object src/CMakeFiles/mmapper.dir/parser/Action.cpp.o
[259/494] Building CXX object src/CMakeFiles/mmapper.dir/parser/AbstractParser-Room.cpp.o
[260/494] Building CXX object src/CMakeFiles/mmapper.dir/parser/mumexmlparser-gmcp.cpp.o
[261/494] Building CXX object src/CMakeFiles/mmapper.dir/parser/mumexmlparser.cpp.o
[262/494] Building CXX object src/CMakeFiles/mmapper.dir/pathmachine/experimenting.cpp.o
[263/494] Building CXX object src/CMakeFiles/mmapper.dir/pathmachine/approved.cpp.o
[264/494] Building CXX object src/CMakeFiles/mmapper.dir/parser/abstractparser.cpp.o
[265/494] Building CXX object src/CMakeFiles/mmapper.dir/pathmachine/pathprocessor.cpp.o
[266/494] Building CXX object src/CMakeFiles/mmapper.dir/pathmachine/crossover.cpp.o
[267/494] Building CXX object src/CMakeFiles/mmapper.dir/pathmachine/onebyone.cpp.o
[268/494] Building CXX object src/CMakeFiles/mmapper.dir/pathmachine/mmapper2pathmachine.cpp.o
[269/494] Building CXX object src/CMakeFiles/mmapper.dir/pathmachine/syncing.cpp.o
[270/494] Building CXX object src/CMakeFiles/mmapper.dir/pathmachine/path.cpp.o
[271/494] Building CXX object src/CMakeFiles/mmapper.dir/preferences/AnsiColorDialog.cpp.o
[272/494] Building CXX object src/CMakeFiles/mmapper.dir/preferences/AdvancedGraphics.cpp.o
[273/494] Building CXX object src/CMakeFiles/mmapper.dir/preferences/autologpage.cpp.o
[274/494] Building CXX object src/CMakeFiles/mmapper.dir/preferences/ansicombo.cpp.o
[275/494] Building CXX object src/CMakeFiles/mmapper.dir/pathmachine/roomsignalhandler.cpp.o
[276/494] Building CXX object src/CMakeFiles/mmapper.dir/pathmachine/pathmachine.cpp.o
[277/494] Building CXX object src/CMakeFiles/mmapper.dir/preferences/clientpage.cpp.o
[278/494] Building CXX object src/CMakeFiles/mmapper.dir/preferences/configdialog.cpp.o
[279/494] Building CXX object src/CMakeFiles/mmapper.dir/preferences/grouppage.cpp.o
[280/494] Building CXX object src/CMakeFiles/mmapper.dir/preferences/graphicspage.cpp.o
[281/494] Building CXX object src/CMakeFiles/mmapper.dir/preferences/generalpage.cpp.o
[282/494] Building CXX object src/CMakeFiles/mmapper.dir/proxy/GmcpModule.cpp.o
[283/494] Building CXX object src/CMakeFiles/mmapper.dir/preferences/pathmachinepage.cpp.o
[284/494] Building CXX object src/CMakeFiles/mmapper.dir/preferences/mumeprotocolpage.cpp.o
[285/494] Building CXX object src/CMakeFiles/mmapper.dir/proxy/GmcpMessage.cpp.o
[286/494] Building CXX object src/CMakeFiles/mmapper.dir/preferences/parserpage.cpp.o
[287/494] Building CXX object src/CMakeFiles/mmapper.dir/proxy/GmcpUtils.cpp.o
[288/494] Building CXX object src/CMakeFiles/mmapper.dir/proxy/AbstractTelnet.cpp.o
[289/494] Building CXX object src/CMakeFiles/mmapper.dir/proxy/TcpSocket.cpp.o
[290/494] Building CXX object src/CMakeFiles/mmapper.dir/proxy/VirtualSocket.cpp.o
[291/494] Building CXX object src/CMakeFiles/mmapper.dir/proxy/ProxyParserApi.cpp.o
[292/494] Building CXX object src/CMakeFiles/mmapper.dir/proxy/TextCodec.cpp.o
[293/494] Building CXX object src/CMakeFiles/mmapper.dir/proxy/MudTelnet.cpp.o
[294/494] Building CXX object src/CMakeFiles/mmapper.dir/proxy/UserTelnet.cpp.o
[295/494] Building CXX object src/CMakeFiles/mmapper.dir/proxy/telnetfilter.cpp.o
[296/494] Building CXX object src/CMakeFiles/mmapper.dir/proxy/connectionlistener.cpp.o
[297/494] Building CXX object src/CMakeFiles/mmapper.dir/proxy/mumesocket.cpp.o
[298/494] Building CXX object src/CMakeFiles/mmapper.dir/roompanel/RoomManager.cpp.o
[299/494] Building CXX object src/CMakeFiles/mmapper.dir/roompanel/RoomMob.cpp.o
[300/494] Building CXX object src/CMakeFiles/mmapper.dir/syntax/Accept.cpp.o
[301/494] Building CXX object src/CMakeFiles/mmapper.dir/syntax/IArgument.cpp.o
[302/494] Building CXX object src/CMakeFiles/mmapper.dir/roompanel/RoomMobs.cpp.o
[303/494] Building CXX object src/CMakeFiles/mmapper.dir/syntax/ParserInput.cpp.o
[304/494] Building CXX object src/CMakeFiles/mmapper.dir/syntax/MatchResult.cpp.o
[305/494] Building CXX object src/CMakeFiles/mmapper.dir/syntax/Sublist.cpp.o
[306/494] Building CXX object src/CMakeFiles/mmapper.dir/syntax/TokenMatcher.cpp.o
[307/494] Building CXX object src/CMakeFiles/mmapper.dir/roompanel/RoomWidget.cpp.o
[308/494] Building CXX object src/CMakeFiles/mmapper.dir/proxy/proxy.cpp.o
[309/494] Building CXX object src/CMakeFiles/mmapper.dir/syntax/SyntaxArgs.cpp.o
[310/494] Building CXX object src/CMakeFiles/mmapper.dir/syntax/TreeParser.cpp.o
[311/494] Building CXX object src/CMakeFiles/mmapper.dir/Version.cpp.o
[312/494] Building CXX object src/CMakeFiles/mmapper.dir/timers/CTimers.cpp.o
[313/494] Building CXX object src/CMakeFiles/mmapper.dir/viewers/TopLevelWindows.cpp.o
[314/494] Building CXX object src/CMakeFiles/mmapper.dir/syntax/Value.cpp.o
[315/494] Building CXX object src/CMakeFiles/mmapper.dir/gen/adventure/adventuresession.h.gen.cpp.o
[316/494] Building CXX object src/CMakeFiles/mmapper.dir/gen/adventure/lineparsers.h.gen.cpp.o
[317/494] Building CXX object src/CMakeFiles/mmapper.dir/gen/adventure/adventuretracker.h.gen.cpp.o
[318/494] Building CXX object src/CMakeFiles/mmapper.dir/viewers/AnsiViewWindow.cpp.o
[319/494] Building CXX object src/CMakeFiles/mmapper.dir/mpi/remoteeditprocess.cpp.o
[320/494] Building CXX object src/CMakeFiles/mmapper.dir/gen/adventure/xpstatuswidget.h.gen.cpp.o
[321/494] Building CXX object src/CMakeFiles/mmapper.dir/gen/client/PaletteManager.h.gen.cpp.o
[322/494] Building CXX object src/CMakeFiles/mmapper.dir/gen/client/PasswordDialog.h.gen.cpp.o
[323/494] Building CXX object src/CMakeFiles/mmapper.dir/gen/client/ClientTelnet.h.gen.cpp.o
[324/494] Building CXX object src/CMakeFiles/mmapper.dir/gen/client/ClientWidget.h.gen.cpp.o
[325/494] Building CXX object src/CMakeFiles/mmapper.dir/gen/adventure/adventurewidget.h.gen.cpp.o
[326/494] Building CXX object src/CMakeFiles/mmapper.dir/gen/client/stackedinputwidget.h.gen.cpp.o
[327/494] Building CXX object src/CMakeFiles/mmapper.dir/gen/client/inputwidget.h.gen.cpp.o
[328/494] Building CXX object src/CMakeFiles/mmapper.dir/gen/client/PreviewWidget.h.gen.cpp.o
[329/494] Building CXX object src/CMakeFiles/mmapper.dir/odr.cpp.o
In file included from /app/build/src/odr.cpp:69:
/app/src/global/IndexedVectorWithDefault.h:128:6: warning: redundant redeclaration of ‘void test::testIndexedVectorWithDefault()’ in same scope [-Wredundant-decls]
  128 | void testIndexedVectorWithDefault();
      |      ^~~~~~~~~~~~~~~~~~~~~~~~~~~~
In file included from /app/build/src/odr.cpp:64:
/app/src/global/ImmIndexedVectorWithDefault.h:134:6: note: previous declaration of ‘void test::testIndexedVectorWithDefault()’
  134 | void testIndexedVectorWithDefault();
      |      ^~~~~~~~~~~~~~~~~~~~~~~~~~~~
[330/494] Building CXX object src/CMakeFiles/mmapper.dir/gen/clock/mumemoment.h.gen.cpp.o
[331/494] Building CXX object src/CMakeFiles/mmapper.dir/gen/client/displaywidget.h.gen.cpp.o
[332/494] Building CXX object src/CMakeFiles/mmapper.dir/gen/clock/mumeclock.h.gen.cpp.o
[333/494] Building CXX object src/CMakeFiles/mmapper.dir/gen/display/CanvasMouseModeEnum.h.gen.cpp.o
[334/494] Building CXX object src/CMakeFiles/mmapper.dir/gen/configuration/PasswordConfig.h.gen.cpp.o
[335/494] Building CXX object src/CMakeFiles/mmapper.dir/gen/configuration/NamedConfig.h.gen.cpp.o
[336/494] Building CXX object src/CMakeFiles/mmapper.dir/gen/display/ConnectionLineBuilder.h.gen.cpp.o
[337/494] Building CXX object src/CMakeFiles/mmapper.dir/gen/display/Characters.h.gen.cpp.o
[338/494] Building CXX object src/CMakeFiles/mmapper.dir/gen/display/IMapBatchesFinisher.h.gen.cpp.o
[339/494] Building CXX object src/CMakeFiles/mmapper.dir/gen/clock/mumeclockwidget.h.gen.cpp.o
[340/494] Building CXX object src/CMakeFiles/mmapper.dir/gen/display/Connections.h.gen.cpp.o
[341/494] Building CXX object src/CMakeFiles/mmapper.dir/gen/display/Filenames.h.gen.cpp.o
[342/494] Building CXX object src/CMakeFiles/mmapper.dir/gen/configuration/configuration.h.gen.cpp.o
[343/494] Building CXX object src/CMakeFiles/mmapper.dir/gen/display/Infomarks.h.gen.cpp.o
[344/494] Building CXX object src/CMakeFiles/mmapper.dir/gen/display/MapCanvasConfig.h.gen.cpp.o
[345/494] Building CXX object src/CMakeFiles/mmapper.dir/gen/display/RoadIndex.h.gen.cpp.o
[346/494] Building CXX object src/CMakeFiles/mmapper.dir/gen/display/InfomarkSelection.h.gen.cpp.o
[347/494] Building CXX object src/CMakeFiles/mmapper.dir/gen/display/Textures.h.gen.cpp.o
[348/494] Building CXX object src/CMakeFiles/mmapper.dir/gen/display/connectionselection.h.gen.cpp.o
[349/494] Building CXX object src/CMakeFiles/mmapper.dir/gen/display/MapBatches.h.gen.cpp.o
[350/494] Building CXX object src/CMakeFiles/mmapper.dir/gen/display/MapCanvasData.h.gen.cpp.o
[351/494] Building CXX object src/CMakeFiles/mmapper.dir/gen/group/CGroupChar.h.gen.cpp.o
[352/494] Building CXX object src/CMakeFiles/mmapper.dir/gen/group/ColorGenerator.h.gen.cpp.o
[353/494] Building CXX object src/CMakeFiles/mmapper.dir/gen/display/MapCanvasRoomDrawer.h.gen.cpp.o
[354/494] Building CXX object src/CMakeFiles/mmapper.dir/gen/group/GroupManagerApi.h.gen.cpp.o
[355/494] Building CXX object src/CMakeFiles/mmapper.dir/gen/display/prespammedpath.h.gen.cpp.o
[356/494] Building CXX object src/CMakeFiles/mmapper.dir/gen/group/enums.h.gen.cpp.o
[357/494] Building CXX object src/CMakeFiles/mmapper.dir/gen/group/mmapper2character.h.gen.cpp.o
[358/494] Building CXX object src/CMakeFiles/mmapper.dir/gen/group/mmapper2group.h.gen.cpp.o
[359/494] Building CXX object src/CMakeFiles/mmapper.dir/gen/logger/autologger.h.gen.cpp.o
[360/494] Building CXX object src/CMakeFiles/mmapper.dir/gen/display/mapwindow.h.gen.cpp.o
[361/494] Building CXX object src/CMakeFiles/mmapper.dir/gen/display/mapcanvas.h.gen.cpp.o
[362/494] Building CXX object src/CMakeFiles/mmapper.dir/gen/group/groupwidget.h.gen.cpp.o
[363/494] Building CXX object src/CMakeFiles/mmapper.dir/gen/mainwindow/DescriptionWidget.h.gen.cpp.o
[364/494] Building CXX object src/CMakeFiles/mmapper.dir/gen/mainwindow/ThemeManager.h.gen.cpp.o
[365/494] Building CXX object src/CMakeFiles/mmapper.dir/gen/mainwindow/UpdateDialog.h.gen.cpp.o
[366/494] Building CXX object src/CMakeFiles/mmapper.dir/gen/mainwindow/metatypes.h.gen.cpp.o
[367/494] Building CXX object src/CMakeFiles/mmapper.dir/gen/mainwindow/aboutdialog.h.gen.cpp.o
[368/494] Building CXX object src/CMakeFiles/mmapper.dir/gen/mainwindow/utils.h.gen.cpp.o
[369/494] Building CXX object src/CMakeFiles/mmapper.dir/gen/mapdata/GenericFind.h.gen.cpp.o
[370/494] Building CXX object src/CMakeFiles/mmapper.dir/gen/mainwindow/infomarkseditdlg.h.gen.cpp.o
[371/494] Building CXX object src/CMakeFiles/mmapper.dir/gen/mapdata/MarkerList.h.gen.cpp.o
[372/494] Building CXX object src/CMakeFiles/mmapper.dir/gen/mainwindow/MapZoomSlider.h.gen.cpp.o
[373/494] Building CXX object src/CMakeFiles/mmapper.dir/gen/mainwindow/findroomsdlg.h.gen.cpp.o
[374/494] Building CXX object src/CMakeFiles/mmapper.dir/gen/mainwindow/roomeditattrdlg.h.gen.cpp.o
[375/494] Building CXX object src/CMakeFiles/mmapper.dir/gen/mapdata/roomfilter.h.gen.cpp.o
[376/494] Building CXX object src/CMakeFiles/mmapper.dir/gen/mainwindow/mainwindow.h.gen.cpp.o
[377/494] Building CXX object src/CMakeFiles/mmapper.dir/gen/mapdata/roomselection.h.gen.cpp.o
[378/494] Building CXX object src/CMakeFiles/mmapper.dir/gen/mapfrontend/MapHistory.h.gen.cpp.o
[379/494] Building CXX object src/CMakeFiles/mmapper.dir/gen/mapstorage/MapDestination.h.gen.cpp.o
[380/494] Building CXX object src/CMakeFiles/mmapper.dir/gen/mapstorage/MapSource.h.gen.cpp.o
[381/494] Building CXX object src/CMakeFiles/mmapper.dir/gen/mapdata/mapdata.h.gen.cpp.o
[382/494] Building CXX object src/CMakeFiles/mmapper.dir/gen/mapdata/shortestpath.h.gen.cpp.o
[383/494] Building CXX object src/CMakeFiles/mmapper.dir/gen/mapstorage/RawMapData.h.gen.cpp.o
[384/494] Building CXX object src/CMakeFiles/mmapper.dir/gen/mapfrontend/mapfrontend.h.gen.cpp.o
[385/494] Building CXX object src/CMakeFiles/mmapper.dir/gen/mapstorage/MmpMapStorage.h.gen.cpp.o
[386/494] Building CXX object src/CMakeFiles/mmapper.dir/gen/mapstorage/PandoraMapStorage.h.gen.cpp.o
[387/494] Building CXX object src/CMakeFiles/mmapper.dir/gen/mapstorage/filesaver.h.gen.cpp.o
[388/494] Building CXX object src/CMakeFiles/mmapper.dir/gen/mapstorage/abstractmapstorage.h.gen.cpp.o
[389/494] Building CXX object src/CMakeFiles/mmapper.dir/gen/mpi/gotowidget.h.gen.cpp.o
[390/494] Building CXX object src/CMakeFiles/mmapper.dir/gen/mpi/findreplacewidget.h.gen.cpp.o
[391/494] Building CXX object src/CMakeFiles/mmapper.dir/gen/mapstorage/jsonmapstorage.h.gen.cpp.o
[392/494] Building CXX object src/CMakeFiles/mmapper.dir/gen/mapstorage/XmlMapStorage.h.gen.cpp.o
[393/494] Building CXX object src/CMakeFiles/mmapper.dir/gen/mpi/mpifilter.h.gen.cpp.o
[394/494] Building CXX object src/CMakeFiles/mmapper.dir/gen/mpi/remoteedit.h.gen.cpp.o
[395/494] Building CXX object src/CMakeFiles/mmapper.dir/gen/mpi/remoteeditprocess.h.gen.cpp.o
[396/494] Building CXX object src/CMakeFiles/mmapper.dir/gen/mapstorage/mapstorage.h.gen.cpp.o
[397/494] Building CXX object src/CMakeFiles/mmapper.dir/gen/observer/gameobserver.h.gen.cpp.o
[398/494] Building CXX object src/CMakeFiles/mmapper.dir/gen/mpi/remoteeditsession.h.gen.cpp.o
[399/494] Building CXX object src/CMakeFiles/mmapper.dir/gen/opengl/FontFormatFlags.h.gen.cpp.o
[400/494] Building CXX object src/CMakeFiles/mmapper.dir/gen/opengl/Font.h.gen.cpp.o
[401/494] Building CXX object src/CMakeFiles/mmapper.dir/gen/opengl/OpenGLConfig.h.gen.cpp.o
[402/494] Building CXX object src/CMakeFiles/mmapper.dir/gen/opengl/OpenGLProber.h.gen.cpp.o
[403/494] Building CXX object src/CMakeFiles/mmapper.dir/gen/mpi/remoteeditwidget.h.gen.cpp.o
[404/494] Building CXX object src/CMakeFiles/mmapper.dir/gen/opengl/LineRendering.h.gen.cpp.o
[405/494] Building CXX object src/CMakeFiles/mmapper.dir/gen/opengl/OpenGL.h.gen.cpp.o
[406/494] Building CXX object src/CMakeFiles/mmapper.dir/gen/opengl/OpenGLTypes.h.gen.cpp.o
[407/494] Building CXX object src/CMakeFiles/mmapper.dir/gen/opengl/legacy/AbstractShaderProgram.h.gen.cpp.o
[408/494] Building CXX object src/CMakeFiles/mmapper.dir/gen/opengl/legacy/FBO.h.gen.cpp.o
[409/494] Building CXX object src/CMakeFiles/mmapper.dir/gen/opengl/legacy/Binders.h.gen.cpp.o
[410/494] Building CXX object src/CMakeFiles/mmapper.dir/gen/opengl/legacy/FontMesh3d.h.gen.cpp.o
[411/494] Building CXX object src/CMakeFiles/mmapper.dir/gen/opengl/legacy/FunctionsGL33.h.gen.cpp.o
[412/494] Building CXX object src/CMakeFiles/mmapper.dir/gen/opengl/legacy/FunctionsES30.h.gen.cpp.o
[413/494] Building CXX object src/CMakeFiles/mmapper.dir/gen/opengl/legacy/ShaderUtils.h.gen.cpp.o
[414/494] Building CXX object src/CMakeFiles/mmapper.dir/gen/opengl/legacy/Legacy.h.gen.cpp.o
[415/494] Building CXX object src/CMakeFiles/mmapper.dir/gen/opengl/legacy/Meshes.h.gen.cpp.o
[416/494] Building CXX object src/CMakeFiles/mmapper.dir/gen/opengl/legacy/SimpleMesh.h.gen.cpp.o
[417/494] Building CXX object src/CMakeFiles/mmapper.dir/gen/opengl/legacy/Shaders.h.gen.cpp.o
[418/494] Building CXX object src/CMakeFiles/mmapper.dir/gen/parser/Abbrev.h.gen.cpp.o
[419/494] Building CXX object src/CMakeFiles/mmapper.dir/gen/opengl/legacy/VAO.h.gen.cpp.o
[420/494] Building CXX object src/CMakeFiles/mmapper.dir/gen/parser/DoorAction.h.gen.cpp.o
[421/494] Building CXX object src/CMakeFiles/mmapper.dir/gen/parser/AbstractParser-Commands.h.gen.cpp.o
[422/494] Building CXX object src/CMakeFiles/mmapper.dir/gen/parser/SendToUserSourceEnum.h.gen.cpp.o
[423/494] Building CXX object src/CMakeFiles/mmapper.dir/gen/opengl/legacy/VBO.h.gen.cpp.o
[424/494] Building CXX object src/CMakeFiles/mmapper.dir/gen/parser/Action.h.gen.cpp.o
[425/494] Building CXX object src/CMakeFiles/mmapper.dir/gen/parser/AbstractParser-Utils.h.gen.cpp.o
[426/494] Building CXX object src/CMakeFiles/mmapper.dir/gen/parser/CommandQueue.h.gen.cpp.o
[427/494] Building CXX object src/CMakeFiles/mmapper.dir/gen/parser/LineFlags.h.gen.cpp.o
[428/494] Building CXX object src/CMakeFiles/mmapper.dir/gen/pathmachine/approved.h.gen.cpp.o
[429/494] Building CXX object src/CMakeFiles/mmapper.dir/gen/pathmachine/experimenting.h.gen.cpp.o
[430/494] Building CXX object src/CMakeFiles/mmapper.dir/gen/pathmachine/crossover.h.gen.cpp.o
[431/494] Building CXX object src/CMakeFiles/mmapper.dir/gen/parser/abstractparser.h.gen.cpp.o
[432/494] Building CXX object src/CMakeFiles/mmapper.dir/gen/pathmachine/pathparameters.h.gen.cpp.o
[433/494] Building CXX object src/CMakeFiles/mmapper.dir/gen/pathmachine/pathprocessor.h.gen.cpp.o
[434/494] Building CXX object src/CMakeFiles/mmapper.dir/gen/pathmachine/path.h.gen.cpp.o
[435/494] Building CXX object src/CMakeFiles/mmapper.dir/gen/pathmachine/onebyone.h.gen.cpp.o
[436/494] Building CXX object src/CMakeFiles/mmapper.dir/gen/parser/mumexmlparser.h.gen.cpp.o
[437/494] Building CXX object src/CMakeFiles/mmapper.dir/gen/pathmachine/mmapper2pathmachine.h.gen.cpp.o
[438/494] Building CXX object src/CMakeFiles/mmapper.dir/gen/preferences/AdvancedGraphics.h.gen.cpp.o
[439/494] Building CXX object src/CMakeFiles/mmapper.dir/gen/preferences/AnsiColorDialog.h.gen.cpp.o
[440/494] Building CXX object src/CMakeFiles/mmapper.dir/gen/pathmachine/roomsignalhandler.h.gen.cpp.o
[441/494] Building CXX object src/CMakeFiles/mmapper.dir/gen/pathmachine/pathmachine.h.gen.cpp.o
[442/494] Building CXX object src/CMakeFiles/mmapper.dir/gen/pathmachine/syncing.h.gen.cpp.o
[443/494] Building CXX object src/CMakeFiles/mmapper.dir/gen/preferences/configdialog.h.gen.cpp.o
[444/494] Building CXX object src/CMakeFiles/mmapper.dir/gen/preferences/ansicombo.h.gen.cpp.o
[445/494] Building CXX object src/CMakeFiles/mmapper.dir/gen/preferences/grouppage.h.gen.cpp.o
[446/494] Building CXX object src/CMakeFiles/mmapper.dir/gen/preferences/clientpage.h.gen.cpp.o
[447/494] Building CXX object src/CMakeFiles/mmapper.dir/gen/preferences/autologpage.h.gen.cpp.o
[448/494] Building CXX object src/CMakeFiles/mmapper.dir/gen/preferences/generalpage.h.gen.cpp.o
[449/494] Building CXX object src/CMakeFiles/mmapper.dir/gen/proxy/AbstractSocket.h.gen.cpp.o
[450/494] Building CXX object src/CMakeFiles/mmapper.dir/gen/preferences/graphicspage.h.gen.cpp.o
[451/494] Building CXX object src/CMakeFiles/mmapper.dir/gen/preferences/mumeprotocolpage.h.gen.cpp.o
[452/494] Building CXX object src/CMakeFiles/mmapper.dir/gen/proxy/GmcpUtils.h.gen.cpp.o
[453/494] Building CXX object src/CMakeFiles/mmapper.dir/gen/preferences/pathmachinepage.h.gen.cpp.o
[454/494] Building CXX object src/CMakeFiles/mmapper.dir/gen/proxy/GmcpModule.h.gen.cpp.o
[455/494] Building CXX object src/CMakeFiles/mmapper.dir/gen/proxy/GmcpMessage.h.gen.cpp.o
[456/494] Building CXX object src/CMakeFiles/mmapper.dir/gen/preferences/parserpage.h.gen.cpp.o
[457/494] Building CXX object src/CMakeFiles/mmapper.dir/gen/proxy/TcpSocket.h.gen.cpp.o
[458/494] Building CXX object src/CMakeFiles/mmapper.dir/gen/proxy/TaggedBytes.h.gen.cpp.o
[459/494] Building CXX object src/CMakeFiles/mmapper.dir/gen/proxy/AbstractTelnet.h.gen.cpp.o
[460/494] Building CXX object src/CMakeFiles/mmapper.dir/gen/proxy/ProxyParserApi.h.gen.cpp.o
[461/494] Building CXX object src/CMakeFiles/mmapper.dir/gen/proxy/VirtualSocket.h.gen.cpp.o
[462/494] Building CXX object src/CMakeFiles/mmapper.dir/gen/proxy/MudTelnet.h.gen.cpp.o
[463/494] Building CXX object src/CMakeFiles/mmapper.dir/gen/proxy/TextCodec.h.gen.cpp.o
[464/494] Building CXX object src/CMakeFiles/mmapper.dir/gen/proxy/UserTelnet.h.gen.cpp.o
[465/494] Building CXX object src/CMakeFiles/mmapper.dir/gen/proxy/telnetfilter.h.gen.cpp.o
[466/494] Building CXX object src/CMakeFiles/mmapper.dir/gen/proxy/connectionlistener.h.gen.cpp.o
[467/494] Building CXX object src/CMakeFiles/mmapper.dir/gen/proxy/mumesocket.h.gen.cpp.o
[468/494] Building CXX object src/CMakeFiles/mmapper.dir/gen/roompanel/RoomMob.h.gen.cpp.o
[469/494] Building CXX object src/CMakeFiles/mmapper.dir/gen/proxy/proxy.h.gen.cpp.o
[470/494] Building CXX object src/CMakeFiles/mmapper.dir/gen/syntax/IMatchErrorLogger.h.gen.cpp.o
[471/494] Building CXX object src/CMakeFiles/mmapper.dir/gen/roompanel/RoomManager.h.gen.cpp.o
[472/494] Building CXX object src/CMakeFiles/mmapper.dir/gen/syntax/Accept.h.gen.cpp.o
[473/494] Building CXX object src/CMakeFiles/mmapper.dir/gen/syntax/IArgument.h.gen.cpp.o
[474/494] Building CXX object src/CMakeFiles/mmapper.dir/gen/roompanel/RoomMobs.h.gen.cpp.o
[475/494] Building CXX object src/CMakeFiles/mmapper.dir/gen/syntax/ParserInput.h.gen.cpp.o
[476/494] Building CXX object src/CMakeFiles/mmapper.dir/gen/syntax/ParseResult.h.gen.cpp.o
[477/494] Building CXX object src/CMakeFiles/mmapper.dir/gen/syntax/MatchResult.h.gen.cpp.o
[478/494] Building CXX object src/CMakeFiles/mmapper.dir/gen/roompanel/RoomWidget.h.gen.cpp.o
[479/494] Building CXX object src/CMakeFiles/mmapper.dir/gen/syntax/Sublist.h.gen.cpp.o
[480/494] Building CXX object src/CMakeFiles/mmapper.dir/gen/syntax/SyntaxArgs.h.gen.cpp.o
[481/494] Building CXX object src/CMakeFiles/mmapper.dir/gen/syntax/User.h.gen.cpp.o
[482/494] Building CXX object src/CMakeFiles/mmapper.dir/gen/syntax/TokenMatcher.h.gen.cpp.o
[483/494] Building CXX object src/CMakeFiles/mmapper.dir/gen/syntax/TreeParser.h.gen.cpp.o
[484/494] Building CXX object src/CMakeFiles/mmapper.dir/gen/syntax/Value.h.gen.cpp.o
[485/494] Building CXX object src/CMakeFiles/mmapper.dir/gen/viewers/TopLevelWindows.h.gen.cpp.o
[486/494] Building CXX object src/CMakeFiles/mmapper.dir/gen/timers/CTimers.h.gen.cpp.o
[487/494] Building CXX object src/CMakeFiles/mmapper.dir/gen/viewers/AnsiViewWindow.h.gen.cpp.o
[488/494] Building CXX object src/CMakeFiles/mmapper.dir/qrc_build.cpp.o
[489/494] Linking CXX executable tests/TestRoomManager
[490/494] Building CXX object src/CMakeFiles/mmapper.dir/gen/viewers/LaunchAsyncViewer.h.gen.cpp.o
[491/494] Building CXX object src/CMakeFiles/mmapper.dir/qrc_mmapper2.cpp.o
[492/494] Building CXX object src/CMakeFiles/mmapper.dir/qrc_map.cpp.o
[493/494] Building CXX object src/CMakeFiles/mmapper.dir/qrc_images.cpp.o
[494/494] Linking CXX executable src/mmapper
